<?xml version="1.0" encoding="UTF-8"?>
<!-- Generated by org.testng.reporters.JUnitReportReporter -->
<testsuite skipped="3" hostname="Supermans-Air" name="tests.DiscoveryTest" tests="3" failures="0" timestamp="20 May 2020 07:15:26 GMT" time="0.000" errors="0">
  <testcase name="doLoginWithEmail" time="0.000" classname="tests.DiscoveryTest">
    <skipped/>
  </testcase> <!-- doLoginWithEmail -->
  <testcase name="checkDailySelfcareTiles" time="0.000" classname="tests.DiscoveryTest">
    <skipped/>
  </testcase> <!-- checkDailySelfcareTiles -->
  <testcase name="checkProviderProfile" time="0.000" classname="tests.DiscoveryTest">
    <skipped/>
  </testcase> <!-- checkProviderProfile -->
</testsuite> <!-- tests.DiscoveryTest -->
