<?xml version="1.0" encoding="UTF-8"?>
<!-- Generated by org.testng.reporters.JUnitReportReporter -->
<testsuite skipped="1" hostname="Supermans-Air" name="tests.FbLoginTest" tests="1" failures="0" timestamp="20 May 2020 07:15:26 GMT" time="0.000" errors="0">
  <testcase name="doFacebookLogin" time="0.000" classname="tests.FbLoginTest">
    <skipped/>
  </testcase> <!-- doFacebookLogin -->
</testsuite> <!-- tests.FbLoginTest -->
