<?xml version="1.0" encoding="UTF-8"?>
<!-- Generated by org.testng.reporters.JUnitReportReporter -->
<testsuite skipped="6" hostname="Supermans-Air" name="tests.HomePageTest" tests="6" failures="0" timestamp="20 May 2020 07:15:26 GMT" time="0.000" errors="0">
  <testcase name="allowDialogue" time="0.000" classname="tests.HomePageTest">
    <skipped/>
  </testcase> <!-- allowDialogue -->
  <testcase name="clickLogin" time="0.000" classname="tests.HomePageTest">
    <skipped/>
  </testcase> <!-- clickLogin -->
  <testcase name="verifyLogo" time="0.000" classname="tests.HomePageTest">
    <skipped/>
  </testcase> <!-- verifyLogo -->
  <testcase name="VerifyTagLine" time="0.000" classname="tests.HomePageTest">
    <skipped/>
  </testcase> <!-- VerifyTagLine -->
  <testcase name="VerifyTagLineText" time="0.000" classname="tests.HomePageTest">
    <skipped/>
  </testcase> <!-- VerifyTagLineText -->
  <testcase name="verifyShapeImage" time="0.000" classname="tests.HomePageTest">
    <skipped/>
  </testcase> <!-- verifyShapeImage -->
</testsuite> <!-- tests.HomePageTest -->
